<?xml version='1.0'?>
<ns2:test-suite xmlns:ns2='urn:model.allure.qatools.yandex.ru' start='1539677426547' stop='1539677426575'>
    <name>AI test on my kung fu page Check bottom of page</name>
    <title>AI test on my kung fu page Check bottom of page</title>
    <test-cases>
        <test-case start='1539677426551' status='broken' stop='1539677426564'>
            <name>I am on the main page</name>
            <title>I am on the main page</title>
            <labels>
                <label name='feature' value='AI test on my kung fu page'/>
                <label name='story' value='Check bottom of page'/>
                <label name='language' value='javascript'/>
                <label name='framework' value='wdio'/>
            </labels>
            <parameters>
                <parameter kind='argument' name='browser' value='chrome'/>
                <parameter kind='environment-variable' name='capabilities' value='{"browserName":"chrome","maxInstances":"1"}'/>
                <parameter kind='environment-variable' name='spec files' value='["/Users/devkhaira/github/AI-testing/test/features/kungFu.feature"]'/>
            </parameters>
            <steps/>
            <attachments/>
            <failure>
                <message>browser.open is not a function</message>
                <stack-trace>TypeError: browser.open is not a function
                    at KungFuPage.open (/Users/devkhaira/github/AI-testing/test/pageobjects/kungFu.page.js:29:13)
                    at World.&lt;anonymous> (/Users/devkhaira/github/AI-testing/test/stepDefinitions/given.js:8:16)
                    at new Promise (&lt;anonymous>)
                    at new F (/Users/devkhaira/github/AI-testing/node_modules/core-js/library/modules/_export.js:36:28)</stack-trace>
            </failure>
        </test-case>
        <test-case start='1539677426565' status='pending' stop='1539677426566'>
            <name>I explore the page</name>
            <title>I explore the page</title>
            <labels>
                <label name='feature' value='AI test on my kung fu page'/>
                <label name='story' value='Check bottom of page'/>
                <label name='language' value='javascript'/>
                <label name='framework' value='wdio'/>
            </labels>
            <parameters>
                <parameter kind='argument' name='browser' value='chrome'/>
                <parameter kind='environment-variable' name='capabilities' value='{"browserName":"chrome","maxInstances":"1"}'/>
                <parameter kind='environment-variable' name='spec files' value='["/Users/devkhaira/github/AI-testing/test/features/kungFu.feature"]'/>
            </parameters>
            <steps/>
            <attachments/>
        </test-case>
        <test-case start='1539677426567' status='broken' stop='1539677426567'>
            <name>I click the CTA button</name>
            <title>I click the CTA button</title>
            <labels>
                <label name='feature' value='AI test on my kung fu page'/>
                <label name='story' value='Check bottom of page'/>
                <label name='language' value='javascript'/>
                <label name='framework' value='wdio'/>
            </labels>
            <parameters>
                <parameter kind='argument' name='browser' value='chrome'/>
                <parameter kind='environment-variable' name='capabilities' value='{"browserName":"chrome","maxInstances":"1"}'/>
                <parameter kind='environment-variable' name='spec files' value='["/Users/devkhaira/github/AI-testing/test/features/kungFu.feature"]'/>
            </parameters>
            <steps/>
            <attachments/>
            <failure>
                <message>Step "I click the CTA button" is not defined. You can ignore this error by setting
                                              cucumberOpts.ignoreUndefinedDefinitions as true.</message>
                <stack-trace>/Users/devkhaira/github/AI-testing/test/features/kungFu.feature:13</stack-trace>
            </failure>
        </test-case>
        <test-case start='1539677426569' status='broken' stop='1539677426572'>
            <name>I should be at the bottom of the page</name>
            <title>I should be at the bottom of the page</title>
            <labels>
                <label name='feature' value='AI test on my kung fu page'/>
                <label name='story' value='Check bottom of page'/>
                <label name='language' value='javascript'/>
                <label name='framework' value='wdio'/>
            </labels>
            <parameters>
                <parameter kind='argument' name='browser' value='chrome'/>
                <parameter kind='environment-variable' name='capabilities' value='{"browserName":"chrome","maxInstances":"1"}'/>
                <parameter kind='environment-variable' name='spec files' value='["/Users/devkhaira/github/AI-testing/test/features/kungFu.feature"]'/>
            </parameters>
            <steps/>
            <attachments/>
            <failure>
                <message>Step "I should be at the bottom of the page" is ambiguous. The following steps matched the step definition</message>
                <stack-trace>I should be at the bottom of the page in /Users/devkhaira/github/AI-testing/test/stepDefinitions/when.js:10
                /^I should be at the bottom of the page$/ in /Users/devkhaira/github/AI-testing/test/stepDefinitions/then.js:6</stack-trace>
            </failure>
        </test-case>
    </test-cases>
</ns2:test-suite>